
*** Running vivado
    with args -log Seven_segment_LED_Display_Controller.vds -m64 -product Vivado -mode batch -messageDb vivado.pb -notrace -source Seven_segment_LED_Display_Controller.tcl


****** Vivado v2021.2 (64-bit)
  **** SW Build 3367213 on Tue Oct 19 02:47:39 MDT 2021
  **** IP Build 3369179 on Thu Oct 21 08:25:16 MDT 2021
    ** Copyright 1986-2021 Xilinx, Inc. All Rights Reserved.

source Seven_segment_LED_Display_Controller.tcl -notrace
INFO: [IP_Flow 19-234] Refreshing IP repositories
INFO: [IP_Flow 19-1700] Loaded user IP repository '/home/gabriel/Desktop/Vitis_Vivado_workspace/final_project/hardware/ip_repo/bcd_ip_1.0'.
INFO: [IP_Flow 19-2313] Loaded Vivado IP repository '/home/gabriel/Desktop/Xilinx/Vivado/2021.2/data/ip'.
Command: read_checkpoint -auto_incremental -incremental /home/gabriel/Desktop/Vitis_Vivado_workspace/final_project/hardware/BCD_project/BCD_project.srcs/utils_1/imports/synth_1/design_1_wrapper.dcp
INFO: [Vivado 12-5825] Read reference checkpoint from /home/gabriel/Desktop/Vitis_Vivado_workspace/final_project/hardware/BCD_project/BCD_project.srcs/utils_1/imports/synth_1/design_1_wrapper.dcp for incremental synthesis
INFO: [Vivado 12-7989] Please ensure there are no constraint changes
Command: synth_design -top Seven_segment_LED_Display_Controller -part xc7z010clg400-1
Starting synth_design
Attempting to get a license for feature 'Synthesis' and/or device 'xc7z010'
INFO: [Common 17-349] Got license for feature 'Synthesis' and/or device 'xc7z010'
INFO: [Device 21-403] Loading part xc7z010clg400-1
WARNING: [Designutils 20-4072] Reference run did not run incremental synthesis because the design is too small; reverting to default synthesis
INFO: [Designutils 20-4379] Flow is switching to default flow due to incremental criteria not met. If you would like to alter this behaviour and have the flow terminate instead, please set the following parameter config_implementation {autoIncr.Synth.RejectBehavior Terminate}
INFO: [Synth 8-7079] Multithreading enabled for synth_design using a maximum of 4 processes.
INFO: [Synth 8-7078] Launching helper process for spawning children vivado processes
INFO: [Synth 8-7075] Helper process launched with PID 198239
---------------------------------------------------------------------------------
Starting RTL Elaboration : Time (s): cpu = 00:00:02 ; elapsed = 00:00:03 . Memory (MB): peak = 2685.570 ; gain = 0.000 ; free physical = 10969 ; free virtual = 82516
---------------------------------------------------------------------------------
INFO: [Synth 8-6157] synthesizing module 'Seven_segment_LED_Display_Controller' [/home/gabriel/Desktop/Vitis_Vivado_workspace/final_project/hardware/BCD_project/BCD_project.srcs/sources_1/new/main_code.v:3]
INFO: [Synth 8-6155] done synthesizing module 'Seven_segment_LED_Display_Controller' (1#1) [/home/gabriel/Desktop/Vitis_Vivado_workspace/final_project/hardware/BCD_project/BCD_project.srcs/sources_1/new/main_code.v:3]
---------------------------------------------------------------------------------
Finished RTL Elaboration : Time (s): cpu = 00:00:03 ; elapsed = 00:00:03 . Memory (MB): peak = 2685.570 ; gain = 0.000 ; free physical = 10685 ; free virtual = 82232
---------------------------------------------------------------------------------
---------------------------------------------------------------------------------
Start Handling Custom Attributes
---------------------------------------------------------------------------------
---------------------------------------------------------------------------------
Finished Handling Custom Attributes : Time (s): cpu = 00:00:04 ; elapsed = 00:00:04 . Memory (MB): peak = 2685.570 ; gain = 0.000 ; free physical = 10676 ; free virtual = 82224
---------------------------------------------------------------------------------
---------------------------------------------------------------------------------
Finished RTL Optimization Phase 1 : Time (s): cpu = 00:00:04 ; elapsed = 00:00:04 . Memory (MB): peak = 2685.570 ; gain = 0.000 ; free physical = 10676 ; free virtual = 82224
---------------------------------------------------------------------------------
Netlist sorting complete. Time (s): cpu = 00:00:00 ; elapsed = 00:00:00 . Memory (MB): peak = 2685.570 ; gain = 0.000 ; free physical = 10670 ; free virtual = 82217
INFO: [Project 1-570] Preparing netlist for logic optimization

Processing XDC Constraints
Initializing timing engine
Parsing XDC File [/home/gabriel/Desktop/Vitis_Vivado_workspace/final_project/hardware/BCD_project/BCD_project.srcs/constrs_1/new/Seven_segment_LED_Display_Controller.xdc]
WARNING: [Vivado 12-584] No ports matched 'Anode_Activate[1]'. [/home/gabriel/Desktop/Vitis_Vivado_workspace/final_project/hardware/BCD_project/BCD_project.srcs/constrs_1/new/Seven_segment_LED_Display_Controller.xdc:8]
CRITICAL WARNING: [Common 17-55] 'set_property' expects at least one object. [/home/gabriel/Desktop/Vitis_Vivado_workspace/final_project/hardware/BCD_project/BCD_project.srcs/constrs_1/new/Seven_segment_LED_Display_Controller.xdc:8]
Resolution: If [get_<value>] was used to populate the object, check to make sure this command returns at least one valid object.
WARNING: [Vivado 12-584] No ports matched 'Anode_Activate[0]'. [/home/gabriel/Desktop/Vitis_Vivado_workspace/final_project/hardware/BCD_project/BCD_project.srcs/constrs_1/new/Seven_segment_LED_Display_Controller.xdc:9]
CRITICAL WARNING: [Common 17-55] 'set_property' expects at least one object. [/home/gabriel/Desktop/Vitis_Vivado_workspace/final_project/hardware/BCD_project/BCD_project.srcs/constrs_1/new/Seven_segment_LED_Display_Controller.xdc:9]
Resolution: If [get_<value>] was used to populate the object, check to make sure this command returns at least one valid object.
Finished Parsing XDC File [/home/gabriel/Desktop/Vitis_Vivado_workspace/final_project/hardware/BCD_project/BCD_project.srcs/constrs_1/new/Seven_segment_LED_Display_Controller.xdc]
INFO: [Project 1-236] Implementation specific constraints were found while reading constraint file [/home/gabriel/Desktop/Vitis_Vivado_workspace/final_project/hardware/BCD_project/BCD_project.srcs/constrs_1/new/Seven_segment_LED_Display_Controller.xdc]. These constraints will be ignored for synthesis but will be used in implementation. Impacted constraints are listed in the file [.Xil/Seven_segment_LED_Display_Controller_propImpl.xdc].
Resolution: To avoid this warning, move constraints listed in [.Xil/Seven_segment_LED_Display_Controller_propImpl.xdc] to another XDC file and exclude this new file from synthesis with the used_in_synthesis property (File Properties dialog in GUI) and re-run elaboration/synthesis.
Completed Processing XDC Constraints

Netlist sorting complete. Time (s): cpu = 00:00:00 ; elapsed = 00:00:00 . Memory (MB): peak = 2749.535 ; gain = 0.000 ; free physical = 11527 ; free virtual = 83074
INFO: [Project 1-111] Unisim Transformation Summary:
No Unisim elements were transformed.

Constraint Validation Runtime : Time (s): cpu = 00:00:00 ; elapsed = 00:00:00 . Memory (MB): peak = 2749.535 ; gain = 0.000 ; free physical = 11527 ; free virtual = 83074
WARNING: [Designutils 20-4072] Reference run did not run incremental synthesis because the design is too small; reverting to default synthesis
INFO: [Designutils 20-4379] Flow is switching to default flow due to incremental criteria not met. If you would like to alter this behaviour and have the flow terminate instead, please set the following parameter config_implementation {autoIncr.Synth.RejectBehavior Terminate}
---------------------------------------------------------------------------------
Finished Constraint Validation : Time (s): cpu = 00:00:07 ; elapsed = 00:00:07 . Memory (MB): peak = 2749.535 ; gain = 63.965 ; free physical = 11590 ; free virtual = 83136
---------------------------------------------------------------------------------
---------------------------------------------------------------------------------
Start Loading Part and Timing Information
---------------------------------------------------------------------------------
Loading part: xc7z010clg400-1
---------------------------------------------------------------------------------
Finished Loading Part and Timing Information : Time (s): cpu = 00:00:07 ; elapsed = 00:00:07 . Memory (MB): peak = 2749.535 ; gain = 63.965 ; free physical = 11590 ; free virtual = 83136
---------------------------------------------------------------------------------
---------------------------------------------------------------------------------
Start Applying 'set_property' XDC Constraints
---------------------------------------------------------------------------------
---------------------------------------------------------------------------------
Finished applying 'set_property' XDC Constraints : Time (s): cpu = 00:00:07 ; elapsed = 00:00:07 . Memory (MB): peak = 2749.535 ; gain = 63.965 ; free physical = 11590 ; free virtual = 83136
---------------------------------------------------------------------------------
---------------------------------------------------------------------------------
Finished RTL Optimization Phase 2 : Time (s): cpu = 00:00:07 ; elapsed = 00:00:08 . Memory (MB): peak = 2749.535 ; gain = 63.965 ; free physical = 11582 ; free virtual = 83129
---------------------------------------------------------------------------------
---------------------------------------------------------------------------------
Start RTL Component Statistics 
---------------------------------------------------------------------------------
Detailed RTL Component Info : 
+---Muxes : 
	   2 Input    4 Bit        Muxes := 1     
	   2 Input    1 Bit        Muxes := 1     
---------------------------------------------------------------------------------
Finished RTL Component Statistics 
---------------------------------------------------------------------------------
---------------------------------------------------------------------------------
Start Part Resource Summary
---------------------------------------------------------------------------------
Part Resources:
DSPs: 80 (col length:40)
BRAMs: 120 (col length: RAMB18 40 RAMB36 20)
---------------------------------------------------------------------------------
Finished Part Resource Summary
---------------------------------------------------------------------------------
---------------------------------------------------------------------------------
Start Cross Boundary and Area Optimization
---------------------------------------------------------------------------------
WARNING: [Synth 8-7080] Parallel synthesis criteria is not met
---------------------------------------------------------------------------------
Finished Cross Boundary and Area Optimization : Time (s): cpu = 00:00:09 ; elapsed = 00:00:09 . Memory (MB): peak = 2749.535 ; gain = 63.965 ; free physical = 11568 ; free virtual = 83118
---------------------------------------------------------------------------------
---------------------------------------------------------------------------------
Start Applying XDC Timing Constraints
---------------------------------------------------------------------------------
---------------------------------------------------------------------------------
Finished Applying XDC Timing Constraints : Time (s): cpu = 00:00:12 ; elapsed = 00:00:13 . Memory (MB): peak = 2749.535 ; gain = 63.965 ; free physical = 11446 ; free virtual = 82996
---------------------------------------------------------------------------------
---------------------------------------------------------------------------------
Start Timing Optimization
---------------------------------------------------------------------------------
---------------------------------------------------------------------------------
Finished Timing Optimization : Time (s): cpu = 00:00:12 ; elapsed = 00:00:13 . Memory (MB): peak = 2749.535 ; gain = 63.965 ; free physical = 11446 ; free virtual = 82996
---------------------------------------------------------------------------------
---------------------------------------------------------------------------------
Start Technology Mapping
---------------------------------------------------------------------------------
---------------------------------------------------------------------------------
Finished Technology Mapping : Time (s): cpu = 00:00:12 ; elapsed = 00:00:13 . Memory (MB): peak = 2749.535 ; gain = 63.965 ; free physical = 11442 ; free virtual = 82993
---------------------------------------------------------------------------------
---------------------------------------------------------------------------------
Start IO Insertion
---------------------------------------------------------------------------------
---------------------------------------------------------------------------------
Start Flattening Before IO Insertion
---------------------------------------------------------------------------------
---------------------------------------------------------------------------------
Finished Flattening Before IO Insertion
---------------------------------------------------------------------------------
---------------------------------------------------------------------------------
Start Final Netlist Cleanup
---------------------------------------------------------------------------------
---------------------------------------------------------------------------------
Finished Final Netlist Cleanup
---------------------------------------------------------------------------------
---------------------------------------------------------------------------------
Finished IO Insertion : Time (s): cpu = 00:00:15 ; elapsed = 00:00:16 . Memory (MB): peak = 2749.535 ; gain = 63.965 ; free physical = 11443 ; free virtual = 82993
---------------------------------------------------------------------------------
---------------------------------------------------------------------------------
Start Renaming Generated Instances
---------------------------------------------------------------------------------
---------------------------------------------------------------------------------
Finished Renaming Generated Instances : Time (s): cpu = 00:00:15 ; elapsed = 00:00:16 . Memory (MB): peak = 2749.535 ; gain = 63.965 ; free physical = 11443 ; free virtual = 82993
---------------------------------------------------------------------------------
---------------------------------------------------------------------------------
Start Rebuilding User Hierarchy
---------------------------------------------------------------------------------
---------------------------------------------------------------------------------
Finished Rebuilding User Hierarchy : Time (s): cpu = 00:00:15 ; elapsed = 00:00:16 . Memory (MB): peak = 2749.535 ; gain = 63.965 ; free physical = 11443 ; free virtual = 82993
---------------------------------------------------------------------------------
---------------------------------------------------------------------------------
Start Renaming Generated Ports
---------------------------------------------------------------------------------
---------------------------------------------------------------------------------
Finished Renaming Generated Ports : Time (s): cpu = 00:00:15 ; elapsed = 00:00:16 . Memory (MB): peak = 2749.535 ; gain = 63.965 ; free physical = 11443 ; free virtual = 82993
---------------------------------------------------------------------------------
---------------------------------------------------------------------------------
Start Handling Custom Attributes
---------------------------------------------------------------------------------
---------------------------------------------------------------------------------
Finished Handling Custom Attributes : Time (s): cpu = 00:00:15 ; elapsed = 00:00:16 . Memory (MB): peak = 2749.535 ; gain = 63.965 ; free physical = 11443 ; free virtual = 82993
---------------------------------------------------------------------------------
---------------------------------------------------------------------------------
Start Renaming Generated Nets
---------------------------------------------------------------------------------
---------------------------------------------------------------------------------
Finished Renaming Generated Nets : Time (s): cpu = 00:00:15 ; elapsed = 00:00:16 . Memory (MB): peak = 2749.535 ; gain = 63.965 ; free physical = 11443 ; free virtual = 82993
---------------------------------------------------------------------------------
---------------------------------------------------------------------------------
Start Writing Synthesis Report
---------------------------------------------------------------------------------

Report BlackBoxes: 
+-+--------------+----------+
| |BlackBox name |Instances |
+-+--------------+----------+
+-+--------------+----------+

Report Cell Usage: 
+------+-------+------+
|      |Cell   |Count |
+------+-------+------+
|1     |BUFG   |     1|
|2     |CARRY4 |    32|
|3     |LUT1   |     7|
|4     |LUT2   |    56|
|5     |LUT3   |     7|
|6     |LUT4   |    14|
|7     |LUT5   |    16|
|8     |LUT6   |    31|
|9     |FDCE   |    63|
|10    |IBUF   |     2|
|11    |OBUF   |     8|
+------+-------+------+
---------------------------------------------------------------------------------
Finished Writing Synthesis Report : Time (s): cpu = 00:00:15 ; elapsed = 00:00:16 . Memory (MB): peak = 2749.535 ; gain = 63.965 ; free physical = 11443 ; free virtual = 82993
---------------------------------------------------------------------------------
Synthesis finished with 0 errors, 0 critical warnings and 1 warnings.
Synthesis Optimization Runtime : Time (s): cpu = 00:00:14 ; elapsed = 00:00:15 . Memory (MB): peak = 2749.535 ; gain = 0.000 ; free physical = 11499 ; free virtual = 83050
Synthesis Optimization Complete : Time (s): cpu = 00:00:15 ; elapsed = 00:00:16 . Memory (MB): peak = 2749.535 ; gain = 63.965 ; free physical = 11499 ; free virtual = 83050
INFO: [Project 1-571] Translating synthesized netlist
Netlist sorting complete. Time (s): cpu = 00:00:00 ; elapsed = 00:00:00 . Memory (MB): peak = 2749.535 ; gain = 0.000 ; free physical = 11586 ; free virtual = 83136
INFO: [Netlist 29-17] Analyzing 32 Unisim elements for replacement
INFO: [Netlist 29-28] Unisim Transformation completed in 0 CPU seconds
INFO: [Project 1-570] Preparing netlist for logic optimization
INFO: [Opt 31-138] Pushed 0 inverter(s) to 0 load pin(s).
Netlist sorting complete. Time (s): cpu = 00:00:00 ; elapsed = 00:00:00 . Memory (MB): peak = 2749.535 ; gain = 0.000 ; free physical = 11523 ; free virtual = 83073
INFO: [Project 1-111] Unisim Transformation Summary:
No Unisim elements were transformed.

Synth Design complete, checksum: e446bbd7
INFO: [Common 17-83] Releasing license: Synthesis
24 Infos, 5 Warnings, 2 Critical Warnings and 0 Errors encountered.
synth_design completed successfully
synth_design: Time (s): cpu = 00:00:22 ; elapsed = 00:00:19 . Memory (MB): peak = 2749.535 ; gain = 64.031 ; free physical = 11726 ; free virtual = 83277
INFO: [runtcl-6] Synthesis results are not added to the cache due to CRITICAL_WARNING
INFO: [Common 17-1381] The checkpoint '/home/gabriel/Desktop/Vitis_Vivado_workspace/final_project/hardware/BCD_project/BCD_project.runs/synth_1/Seven_segment_LED_Display_Controller.dcp' has been generated.
INFO: [runtcl-4] Executing : report_utilization -file Seven_segment_LED_Display_Controller_utilization_synth.rpt -pb Seven_segment_LED_Display_Controller_utilization_synth.pb
INFO: [Common 17-206] Exiting Vivado at Fri May 13 23:55:41 2022...
